05.06.2024 - 04:13:21 - [TAB v4.1.5] An error was thrown when executing task
05.06.2024 - 04:13:21 - java.lang.IllegalStateException: This instance got discarded because plugin was reloaded. Obtain a new instance.
05.06.2024 - 04:13:21 - 	at TAB v4.1.5.jar//me.neznamy.tab.shared.features.types.TabFeature.ensureActive(TabFeature.java:26)
05.06.2024 - 04:13:21 - 	at TAB v4.1.5.jar//me.neznamy.tab.shared.features.PlaceholderManagerImpl.getPlaceholder(PlaceholderManagerImpl.java:385)
05.06.2024 - 04:13:21 - 	at TAB v4.1.5.jar//me.neznamy.tab.shared.features.PlaceholderManagerImpl.getPlaceholderUsage(PlaceholderManagerImpl.java:314)
05.06.2024 - 04:13:21 - 	at TAB v4.1.5.jar//me.neznamy.tab.shared.features.PlaceholderManagerImpl.updateServerPlaceholders(PlaceholderManagerImpl.java:174)
05.06.2024 - 04:13:21 - 	at TAB v4.1.5.jar//me.neznamy.tab.shared.features.PlaceholderManagerImpl.processRefreshResults(PlaceholderManagerImpl.java:95)
05.06.2024 - 04:13:21 - 	at TAB v4.1.5.jar//me.neznamy.tab.shared.features.PlaceholderManagerImpl.lambda$refresh$0(PlaceholderManagerImpl.java:88)
05.06.2024 - 04:13:21 - 	at TAB v4.1.5.jar//me.neznamy.tab.shared.cpu.CpuManager.run(CpuManager.java:171)
05.06.2024 - 04:13:21 - 	at TAB v4.1.5.jar//me.neznamy.tab.shared.cpu.CpuManager.lambda$submit$1(CpuManager.java:96)
05.06.2024 - 04:13:21 - 	at java.base/java.util.concurrent.Executors$RunnableAdapter.call(Executors.java:539)
05.06.2024 - 04:13:21 - 	at java.base/java.util.concurrent.FutureTask.run(FutureTask.java:264)
05.06.2024 - 04:13:21 - 	at java.base/java.util.concurrent.ScheduledThreadPoolExecutor$ScheduledFutureTask.run(ScheduledThreadPoolExecutor.java:304)
05.06.2024 - 04:13:21 - 	at java.base/java.util.concurrent.ThreadPoolExecutor.runWorker(ThreadPoolExecutor.java:1136)
05.06.2024 - 04:13:21 - 	at java.base/java.util.concurrent.ThreadPoolExecutor$Worker.run(ThreadPoolExecutor.java:635)
05.06.2024 - 04:13:21 - 	at java.base/java.lang.Thread.run(Thread.java:840)
05.06.2024 - 07:52:48 - [TAB v4.1.5] An error was thrown when executing task
05.06.2024 - 07:52:48 - java.lang.IllegalStateException: This instance got discarded because plugin was reloaded. Obtain a new instance.
05.06.2024 - 07:52:48 - 	at TAB v4.1.5.jar//me.neznamy.tab.shared.features.types.TabFeature.ensureActive(TabFeature.java:26)
05.06.2024 - 07:52:48 - 	at TAB v4.1.5.jar//me.neznamy.tab.shared.features.PlaceholderManagerImpl.getPlaceholder(PlaceholderManagerImpl.java:385)
05.06.2024 - 07:52:48 - 	at TAB v4.1.5.jar//me.neznamy.tab.shared.features.PlaceholderManagerImpl.getPlaceholderUsage(PlaceholderManagerImpl.java:314)
05.06.2024 - 07:52:48 - 	at TAB v4.1.5.jar//me.neznamy.tab.shared.features.PlaceholderManagerImpl.updatePlayerPlaceholders(PlaceholderManagerImpl.java:154)
05.06.2024 - 07:52:48 - 	at TAB v4.1.5.jar//me.neznamy.tab.shared.features.PlaceholderManagerImpl.processRefreshResults(PlaceholderManagerImpl.java:96)
05.06.2024 - 07:52:48 - 	at TAB v4.1.5.jar//me.neznamy.tab.shared.features.PlaceholderManagerImpl.lambda$refresh$0(PlaceholderManagerImpl.java:88)
05.06.2024 - 07:52:48 - 	at TAB v4.1.5.jar//me.neznamy.tab.shared.cpu.CpuManager.run(CpuManager.java:171)
05.06.2024 - 07:52:48 - 	at TAB v4.1.5.jar//me.neznamy.tab.shared.cpu.CpuManager.lambda$submit$1(CpuManager.java:96)
05.06.2024 - 07:52:48 - 	at java.base/java.util.concurrent.Executors$RunnableAdapter.call(Executors.java:539)
05.06.2024 - 07:52:48 - 	at java.base/java.util.concurrent.FutureTask.run(FutureTask.java:264)
05.06.2024 - 07:52:48 - 	at java.base/java.util.concurrent.ScheduledThreadPoolExecutor$ScheduledFutureTask.run(ScheduledThreadPoolExecutor.java:304)
05.06.2024 - 07:52:48 - 	at java.base/java.util.concurrent.ThreadPoolExecutor.runWorker(ThreadPoolExecutor.java:1136)
05.06.2024 - 07:52:48 - 	at java.base/java.util.concurrent.ThreadPoolExecutor$Worker.run(ThreadPoolExecutor.java:635)
05.06.2024 - 07:52:48 - 	at java.base/java.lang.Thread.run(Thread.java:840)
08.06.2024 - 02:04:32 - [TAB v4.1.5] An error was thrown when executing task
08.06.2024 - 02:04:32 - java.lang.IllegalStateException: This instance got discarded because plugin was reloaded. Obtain a new instance.
08.06.2024 - 02:04:32 - 	at TAB v4.1.5.jar//me.neznamy.tab.shared.features.types.TabFeature.ensureActive(TabFeature.java:26)
08.06.2024 - 02:04:32 - 	at TAB v4.1.5.jar//me.neznamy.tab.shared.features.PlaceholderManagerImpl.getPlaceholder(PlaceholderManagerImpl.java:385)
08.06.2024 - 02:04:32 - 	at TAB v4.1.5.jar//me.neznamy.tab.shared.features.PlaceholderManagerImpl.getPlaceholderUsage(PlaceholderManagerImpl.java:314)
08.06.2024 - 02:04:32 - 	at TAB v4.1.5.jar//me.neznamy.tab.shared.features.PlaceholderManagerImpl.updatePlayerPlaceholders(PlaceholderManagerImpl.java:154)
08.06.2024 - 02:04:32 - 	at TAB v4.1.5.jar//me.neznamy.tab.shared.features.PlaceholderManagerImpl.processRefreshResults(PlaceholderManagerImpl.java:96)
08.06.2024 - 02:04:32 - 	at TAB v4.1.5.jar//me.neznamy.tab.shared.features.PlaceholderManagerImpl.lambda$refresh$0(PlaceholderManagerImpl.java:88)
08.06.2024 - 02:04:32 - 	at TAB v4.1.5.jar//me.neznamy.tab.shared.cpu.CpuManager.run(CpuManager.java:171)
08.06.2024 - 02:04:32 - 	at TAB v4.1.5.jar//me.neznamy.tab.shared.cpu.CpuManager.lambda$submit$1(CpuManager.java:96)
08.06.2024 - 02:04:32 - 	at java.base/java.util.concurrent.Executors$RunnableAdapter.call(Executors.java:539)
08.06.2024 - 02:04:32 - 	at java.base/java.util.concurrent.FutureTask.run(FutureTask.java:264)
08.06.2024 - 02:04:32 - 	at java.base/java.util.concurrent.ScheduledThreadPoolExecutor$ScheduledFutureTask.run(ScheduledThreadPoolExecutor.java:304)
08.06.2024 - 02:04:32 - 	at java.base/java.util.concurrent.ThreadPoolExecutor.runWorker(ThreadPoolExecutor.java:1136)
08.06.2024 - 02:04:32 - 	at java.base/java.util.concurrent.ThreadPoolExecutor$Worker.run(ThreadPoolExecutor.java:635)
08.06.2024 - 02:04:32 - 	at java.base/java.lang.Thread.run(Thread.java:840)
21.06.2024 - 01:04:50 - [TAB v4.1.5] An error was thrown when executing task
21.06.2024 - 01:04:50 - java.lang.IllegalStateException: This instance got discarded because plugin was reloaded. Obtain a new instance.
21.06.2024 - 01:04:50 - 	at TAB v4.1.5.jar//me.neznamy.tab.shared.features.types.TabFeature.ensureActive(TabFeature.java:26)
21.06.2024 - 01:04:50 - 	at TAB v4.1.5.jar//me.neznamy.tab.shared.features.PlaceholderManagerImpl.getPlaceholder(PlaceholderManagerImpl.java:385)
21.06.2024 - 01:04:50 - 	at TAB v4.1.5.jar//me.neznamy.tab.shared.features.PlaceholderManagerImpl.getPlaceholderUsage(PlaceholderManagerImpl.java:314)
21.06.2024 - 01:04:50 - 	at TAB v4.1.5.jar//me.neznamy.tab.shared.features.PlaceholderManagerImpl.updateServerPlaceholders(PlaceholderManagerImpl.java:174)
21.06.2024 - 01:04:50 - 	at TAB v4.1.5.jar//me.neznamy.tab.shared.features.PlaceholderManagerImpl.processRefreshResults(PlaceholderManagerImpl.java:95)
21.06.2024 - 01:04:50 - 	at TAB v4.1.5.jar//me.neznamy.tab.shared.features.PlaceholderManagerImpl.lambda$refresh$0(PlaceholderManagerImpl.java:88)
21.06.2024 - 01:04:50 - 	at TAB v4.1.5.jar//me.neznamy.tab.shared.cpu.CpuManager.run(CpuManager.java:171)
21.06.2024 - 01:04:50 - 	at TAB v4.1.5.jar//me.neznamy.tab.shared.cpu.CpuManager.lambda$submit$1(CpuManager.java:96)
21.06.2024 - 01:04:50 - 	at java.base/java.util.concurrent.Executors$RunnableAdapter.call(Executors.java:572)
21.06.2024 - 01:04:50 - 	at java.base/java.util.concurrent.FutureTask.run(FutureTask.java:317)
21.06.2024 - 01:04:50 - 	at java.base/java.util.concurrent.ScheduledThreadPoolExecutor$ScheduledFutureTask.run(ScheduledThreadPoolExecutor.java:304)
21.06.2024 - 01:04:50 - 	at java.base/java.util.concurrent.ThreadPoolExecutor.runWorker(ThreadPoolExecutor.java:1144)
21.06.2024 - 01:04:50 - 	at java.base/java.util.concurrent.ThreadPoolExecutor$Worker.run(ThreadPoolExecutor.java:642)
21.06.2024 - 01:04:50 - 	at java.base/java.lang.Thread.run(Thread.java:1583)
