[01:26:45] [Server thread/WARN]: [ChestSort] **************************************************
[01:26:45] [Server thread/WARN]: [ChestSort] * There is a new version of ChestSort available!
[01:26:45] [Server thread/WARN]: [ChestSort] *  
[01:26:45] [Server thread/WARN]: [ChestSort] * Your version:   14.1.0
[01:26:45] [Server thread/WARN]: [ChestSort] * Latest version: 14.2.0
[01:26:45] [Server thread/WARN]: [ChestSort] *  
[01:26:45] [Server thread/WARN]: [ChestSort] * Please update to the newest version.
[01:26:45] [Server thread/WARN]: [ChestSort] *  
[01:26:45] [Server thread/WARN]: [ChestSort] * Download:
[01:26:45] [Server thread/WARN]: [ChestSort] *   https://www.chestsort.de
[01:26:45] [Server thread/WARN]: [ChestSort] **************************************************
[03:48:27] [Server thread/INFO]: Stopping server
[03:48:27] [Server thread/INFO]: [Colored Signs] Disabling ColoredSigns v6.2.1.212
[03:48:27] [Server thread/INFO]: &cColored Signs is now disabled!
[03:48:27] [Server thread/INFO]: [GameModeInventories] Disabling GameModeInventories v3.5.0
[03:48:27] [Server thread/INFO]: [SkinsRestorer] Disabling SkinsRestorer v15.6.3
[03:48:27] [Server thread/INFO]: [GSit] Disabling GSit v2.3.1
[03:48:27] [Server thread/INFO]: [GSit] The plugin was successfully disabled.
[03:48:27] [Server thread/INFO]: [PlayTime] Disabling PlayTime v3.6
[03:48:27] [Server thread/INFO]: [voicechat] Disabling voicechat v2.5.30
[03:48:27] [Server thread/INFO]: [DecentHolograms] Disabling DecentHolograms v2.8.16
[03:48:27] [Server thread/INFO]: [EssentialsChat] Disabling EssentialsChat v2.20.1
[03:48:27] [Server thread/INFO]: [TradeShop] Disabling TradeShop v2.6.1-STABLE
[03:48:27] [Server thread/INFO]: [PlayerKits2] Disabling PlayerKits2 v1.15.2
[03:48:27] [Server thread/INFO]: [PlayerKits²] Has been disabled! Version: 1.15.2
[03:48:27] [Server thread/INFO]: [DeadChest] Disabling DeadChest v4.21.1
[03:48:27] [Server thread/INFO]: [TAB] Disabling TAB v5.2.0
[03:48:27] [Server thread/INFO]: [TAB] Disabled in 4ms
[03:48:27] [Server thread/INFO]: [CoordinatesHUD] Disabling CoordinatesHud v1.0
[03:48:27] [Server thread/INFO]: [CoordinatesHUD] CoordinatesHUD Disabled
[03:48:27] [Server thread/INFO]: [TPA] Disabling TPA v1.0
[03:48:27] [Server thread/INFO]: [PluginConstructorAPI] Disabling PluginConstructorAPI v1.0.50
[03:48:27] [Server thread/INFO]: [ChestSort] Disabling ChestSort v14.1.0
[03:48:27] [Server thread/INFO]: [SLEEP] Disabling Sleep v1.0.8
[03:48:27] [Server thread/INFO]: [FarmProtect] Disabling FarmProtect v1.9.0
[03:48:27] [Server thread/INFO]: [GriefPrevention] Disabling GriefPrevention v16.18.4
[03:48:27] [Server thread/INFO]: [PlaceholderAPI] Unregistered placeholder expansion griefprevention
[03:48:27] [Server thread/INFO]: [PlaceholderAPI] Reason: required plugin GriefPrevention was disabled.
[03:48:27] [Server thread/INFO]: [GriefPrevention] GriefPrevention disabled.
[03:48:27] [Server thread/INFO]: [ViaRewind] Disabling ViaRewind v4.0.1-SNAPSHOT
[03:48:27] [Server thread/INFO]: [PlaceholderAPI] Disabling PlaceholderAPI v2.11.6
[03:48:27] [Server thread/INFO]: [Essentials] Disabling Essentials v2.20.1
[03:48:27] [Server thread/INFO]: [Vault] [Economy] Essentials Economy unhooked.
[03:48:27] [Server thread/INFO]: [WorldEdit] Disabling WorldEdit v7.3.3+6788-6359df8
[03:48:27] [Server thread/INFO]: Unregistering com.sk89q.worldedit.bukkit.BukkitServerInterface from WorldEdit
[03:48:27] [Server thread/INFO]: [ViaBackwards] Disabling ViaBackwards v5.0.0-SNAPSHOT
[03:48:27] [Server thread/INFO]: [Vault] Disabling Vault v1.7.3-b131
[03:48:27] [Server thread/INFO]: [LuckPerms] Disabling LuckPerms v5.4.102
[03:48:27] [Server thread/INFO]: [LuckPerms] Starting shutdown process...
[03:48:27] [Server thread/INFO]: [LuckPerms] Closing storage...
[03:48:27] [Server thread/INFO]: [LuckPerms] Goodbye!
[03:48:27] [Server thread/INFO]: [ViaVersion] Disabling ViaVersion v5.3.2
[03:48:27] [Server thread/INFO]: [ViaVersion] ViaVersion has been disabled; uninjected the platform and shut down the scheduler.
[03:48:27] [Server thread/INFO]: Saving players
[03:48:27] [Thread-8/WARN]: Exception in thread "Thread-8" java.lang.NoClassDefFoundError: org/h2/api/ErrorCode
[03:48:27] [Thread-8/WARN]: 	at org.h2.message.DbException.getJdbcSQLException(DbException.java:475)
[03:48:27] [Thread-8/WARN]: 	at org.h2.message.DbException.get(DbException.java:212)
[03:48:27] [Thread-8/WARN]: 	at org.h2.mvstore.db.Store.close(Store.java:402)
[03:48:27] [Thread-8/WARN]: 	at org.h2.engine.Database.closeOpenFilesAndUnlock(Database.java:1261)
[03:48:27] [Thread-8/WARN]: 	at org.h2.engine.Database.closeImpl(Database.java:1225)
[03:48:27] [Thread-8/WARN]: 	at org.h2.engine.Database.close(Database.java:1144)
[03:48:27] [Thread-8/WARN]: 	at org.h2.engine.OnExitDatabaseCloser.onShutdown(OnExitDatabaseCloser.java:85)
[03:48:27] [Thread-8/WARN]: 	at org.h2.engine.OnExitDatabaseCloser.run(OnExitDatabaseCloser.java:114)
[03:48:27] [Thread-8/WARN]: Caused by: java.lang.ClassNotFoundException: org.h2.api.ErrorCode
[03:48:27] [Thread-8/WARN]: 	at java.base/java.net.URLClassLoader.findClass(URLClassLoader.java:445)
[03:48:27] [Thread-8/WARN]: 	at java.base/java.lang.ClassLoader.loadClass(ClassLoader.java:593)
[03:48:27] [Thread-8/WARN]: 	at java.base/java.lang.ClassLoader.loadClass(ClassLoader.java:526)
[03:48:27] [Thread-8/WARN]: 	... 8 more
[03:48:27] [Server thread/INFO]: Saving worlds
[03:48:27] [Server thread/INFO]: Saving chunks for level 'ServerLevel[nasu vally]'/minecraft:overworld
[03:48:27] [Server thread/INFO]: [ChunkHolderManager] Waiting 60s for chunk system to halt for world 'nasu vally'
[03:48:27] [Server thread/INFO]: [ChunkHolderManager] Halted chunk system for world 'nasu vally'
[03:48:27] [Server thread/INFO]: [ChunkHolderManager] Saving all chunkholders for world 'nasu vally'
[03:48:27] [Server thread/INFO]: [ChunkHolderManager] Saved 2 block chunks, 364 entity chunks, 0 poi chunks in world 'nasu vally' in 0.19s
[03:48:27] [Server thread/INFO]: [ChunkHolderManager] Waiting 60s for chunk I/O to halt for world 'nasu vally'
[03:48:27] [Server thread/INFO]: [ChunkHolderManager] Halted I/O scheduler for world 'nasu vally'
[03:48:27] [Server thread/INFO]: Saving chunks for level 'ServerLevel[nasu vally_nether]'/minecraft:the_nether
[03:48:27] [Server thread/INFO]: [ChunkHolderManager] Waiting 60s for chunk system to halt for world 'nasu vally_nether'
[03:48:27] [Server thread/INFO]: [ChunkHolderManager] Halted chunk system for world 'nasu vally_nether'
[03:48:27] [Server thread/INFO]: [ChunkHolderManager] Saving all chunkholders for world 'nasu vally_nether'
[03:48:27] [Server thread/INFO]: [ChunkHolderManager] Saved 0 block chunks, 212 entity chunks, 0 poi chunks in world 'nasu vally_nether' in 0.09s
[03:48:27] [Server thread/INFO]: [ChunkHolderManager] Waiting 60s for chunk I/O to halt for world 'nasu vally_nether'
[03:48:27] [Server thread/INFO]: [ChunkHolderManager] Halted I/O scheduler for world 'nasu vally_nether'
[03:48:27] [Server thread/INFO]: Saving chunks for level 'ServerLevel[nasu vally_the_end]'/minecraft:the_end
[03:48:27] [Server thread/INFO]: [ChunkHolderManager] Waiting 60s for chunk system to halt for world 'nasu vally_the_end'
[03:48:27] [Server thread/INFO]: [ChunkHolderManager] Halted chunk system for world 'nasu vally_the_end'
[03:48:27] [Server thread/INFO]: [ChunkHolderManager] Saving all chunkholders for world 'nasu vally_the_end'
[03:48:27] [Server thread/INFO]: [ChunkHolderManager] Saved 61 block chunks, 42 entity chunks, 0 poi chunks in world 'nasu vally_the_end' in 0.06s
[03:48:27] [Server thread/INFO]: [ChunkHolderManager] Waiting 60s for chunk I/O to halt for world 'nasu vally_the_end'
[03:48:27] [Server thread/INFO]: [ChunkHolderManager] Halted I/O scheduler for world 'nasu vally_the_end'
[03:48:27] [Server thread/INFO]: ThreadedAnvilChunkStorage (nasu vally): All chunks are saved
[03:48:27] [Server thread/INFO]: ThreadedAnvilChunkStorage (DIM-1): All chunks are saved
[03:48:27] [Server thread/INFO]: ThreadedAnvilChunkStorage (DIM1): All chunks are saved
[03:48:27] [Server thread/INFO]: ThreadedAnvilChunkStorage: All dimensions are saved
[03:48:27] [Server thread/INFO]: Waiting for I/O tasks to complete...
[03:48:27] [Server thread/INFO]: All I/O tasks to complete
[03:48:27] [Server thread/INFO]: [MoonriseCommon] Awaiting termination of worker pool for up to 60s...
[03:48:27] [Server thread/INFO]: [MoonriseCommon] Awaiting termination of I/O pool for up to 60s...
