11:01 PuneetD   : ooooh
11:02 PuneetD   : hi
11:02 Lakshh007 : HI
11:02 PuneetD   : bhaiya ka recharge khatam ho gaya tha
11:02 Lakshh007 : lol nice
11:03 PuneetD   : aa rahe hai thodi der me
11:03 Festerrr  : accha isliye bhaiya turn off hogye
11:03 PuneetD   : hi festerr
11:03 Festerrr  : ola
11:03 Lakshh007 : hoa amigos
11:03 PuneetD   : kaha hai
11:03 Festerrr  : gharme
11:03 Lakshh007 : kese ho theekh ho?
11:03 Festerrr  : baarish ka mza le rha hu
11:04 Festerrr  : bs aapki kripa h bade log
11:04 Lakshh007 : arey apne aapki kripa toh hoti hi h
11:04 PuneetD   : kripa kripa kya laga rakha hai
11:04 Festerrr  : krupa
11:04 Festerrr  : wtf
11:04 Lakshh007 : xD
11:04 PuneetD   : :>>
11:04 Lakshh007 : what if kashyap was here
11:05 Festerrr  : :skull:
11:05 Festerrr  : rain in shaders <3
11:05 Lakshh007 : konse shaders hai"?
11:05 Festerrr  : complementary
11:06 PuneetD   : waah naam hi complementry hai
11:06 Festerrr  : trader here
11:06 PuneetD   : :>
11:07 Festerrr  : gulu gulu kr rha lama ke sath
11:07 PuneetD   : fester pata hai hamne creeper farm banaya hai
11:07 Lakshh007 : anyone got strings?
11:07 PuneetD   : yup
11:07 Festerrr  : strips
11:07 Lakshh007 : trade?
11:07 Lakshh007 : stripers :)
11:07 Festerrr  : sports bar
11:08 Lakshh007 : sports erp
11:08 Festerrr  : sports bra
11:08 Lakshh007 : chii
11:08 PuneetD   : :skull:
11:08 Festerrr  : bro likes lounge bra
11:08 PuneetD   : 23 hi hai
11:08 PuneetD   : :>
11:08 Lakshh007 : without bra :)
11:08 Festerrr  : 23 can last like a month long
11:08 PuneetD   : 23 string *
11:09 Festerrr  : bros a man of culture
11:09 Lakshh007 : 16 dede
11:09 PuneetD   : kaha hai
11:09 Festerrr  : saamne
11:09 Lakshh007 : piche toh dekho
11:09 Festerrr  : bade log
11:09 Lakshh007 : u bade log
11:09 Festerrr  : golden bade log
11:10 Lakshh007 : arey aap diamond bde log
11:10 Festerrr  : netherite bade log
11:10 PuneetD   : wahi chalte chalte gold nuggests gir rahe hai
11:10 PuneetD   : creeper farm fester
11:10 Festerrr  : kya kru
11:10 PuneetD   : chale
11:10 Lakshh007 : arey sb choti baat hai aap toh bedrock bde log
11:10 Festerrr  : chlo
11:11 PuneetD   : tp kar lunga thoda dur hai
11:11 Festerrr  : bc mai waps kaise aaunga
11:11 Lakshh007 : meko tp krlena
11:11 PuneetD   : rain ho rahi hai mere pas riptide ka trident hai
11:12 Festerrr  : f
11:12 Festerrr  : witch in puneet house
11:12 PuneetD   : coord kya tha
11:12 PuneetD   : -800 -1200?
11:12 Festerrr  : lama fighting zombies
11:14 Festerrr  : farm ni mila rha terko bc khudka
11:15 PuneetD   : 1 sec
11:15 PuneetD   : lakshya z kya tha
11:16 PuneetD   : :>
11:16 Festerrr  : zzzzzz
11:16 Festerrr  : nnnnn
11:16 Festerrr  : iiiiiiiiii
11:16 Festerrr  : gggggggggg
11:16 Festerrr  : u know the rest
11:16 PuneetD   : you racist
11:17 Festerrr  : do u know why most of the guns are colored black
11:17 PuneetD   : why
11:17 Festerrr  : bcoz they are created to kill the b.
11:17 PuneetD   : b?
11:17 PuneetD   : ooh
11:18 PuneetD   : tp request bhej
11:18 Festerrr  : baapre
11:19 PuneetD   : afk spot
11:19 Festerrr  : ye?
11:19 PuneetD   : yup
11:19 Festerrr  : why would anyone afk here
11:20 PuneetD   : 189 blocks due hi mobs ache se spawn hote hai.
11:20 PuneetD   : ooh
11:20 PuneetD   : hamne ek aur farm banaya hai
11:21 PuneetD   : wo island dikh raha hai
11:21 Festerrr  : nhi
11:21 Festerrr  : f
11:21 PuneetD   : wo
11:21 Festerrr  : woto apna island h
11:22 Festerrr  : nice
11:22 PuneetD   : sugarcane farm
11:23 Festerrr  : ship
11:23 PuneetD   : hmm
11:23 PuneetD   : luut li already
11:23 PuneetD   : :>
11:23 Festerrr  : lootere
11:24 PuneetD   : 8 stk
11:24 Festerrr  : itne sugarcane ka kya kroge
11:24 PuneetD   : firecracker banane ke liye use ati hai
11:25 PuneetD   : islliye creeper farm + sugarcane farm = firecracker farm
11:25 Festerrr  : creeper toh dikha nhi creeper farm me
11:25 PuneetD   : band hai isliye
11:25 PuneetD   : dekhega nahi
11:26 Festerrr  : band hota h tb spider farm ban jata h toh
11:26 PuneetD   : nahi nahi
11:26 PuneetD   : eisa kuch nahi hota
11:26 Festerrr  : spider ki awaz ari
11:26 PuneetD   : 9 stk firework
11:28 Festerrr  : hi
11:28 PuneetD   : :>
11:28 Festerrr  : smile if u are gay
11:28 PuneetD   : :<
11:29 PuneetD   : ghar chale maine firework le liya hai
11:29 Festerrr  : kaise
11:29 PuneetD   : lakshyaaaa
11:30 Festerrr  : bade logggggggggggggg
11:31 PuneetD   : afk hai shayad
11:31 Festerrr  : wow
11:31 Festerrr  : its getting night
11:31 Festerrr  : im dead now
11:31 PuneetD   : nahi
11:32 PuneetD   : oooh aa gaye bahiya
11:32 Festerrr  : ari h
11:32 Festerrr  : aarhi h
11:32 Festerrr  : mai shader testkr rha hu khel ni rha
11:32 Festerrr  : samjhe
11:32 Festerrr  : shader
11:32 Festerrr  : aim nhi
11:33 Festerrr  : puneet
11:33 Festerrr  : vc
11:33 PuneetD   : 1 sec
11:33 Festerrr  : merepe mod nhi h vc wala
11:34 Festerrr  : ha mod he nhi h
11:34 Festerrr  : mera saman
11:34 Festerrr  : mai gharpe aagya
11:35 Festerrr  : great i dont have armor
11:36 Festerrr  : kya
11:36 Festerrr  : merepe waise bhi kuch ni h
11:36 Festerrr  : armor bhi ni h
11:37 Festerrr  : netherite armor tha
11:37 Festerrr  : mai puneet thodi hu toh
11:38 Festerrr  : aqua affinity kya tha
11:39 Festerrr  : what is respiration then
11:39 Festerrr  : pani ke andar mine krna
11:39 Festerrr  : ek elytra dedo koi
11:40 Festerrr  : kya
11:40 Festerrr  : toh
11:40 Festerrr  : vo apan ko thodi denge
11:41 Festerrr  : konse block
11:41 Festerrr  : BLOCK
11:41 Festerrr  : f
11:41 Festerrr  : 9 gold is 1 block right
11:41 Festerrr  : and what is half stack
11:41 Festerrr  : 32
11:41 Festerrr  : interesting
11:41 Festerrr  : i have 17
11:41 Festerrr  : AND
11:42 Festerrr  : 36 raw gold
11:42 Festerrr  : what is impaling 5
11:42 Festerrr  : ...
11:43 Festerrr  : ye kya trade h
11:43 Festerrr  : merko armor chiye netherite ka
11:43 Festerrr  : badle me mujhe lelo
11:43 Festerrr  : fair trade
11:44 Festerrr  : shader me netherite armor dekhna h
11:44 Festerrr  : GUYS
11:44 Festerrr  : BADI DIKKT HOGYI
11:44 Festerrr  : shader me netherite armor dekhna h
11:44 Festerrr  : prr armor chura lia kisine
11:46 Festerrr  : damn
11:46 Festerrr  : gande bhaiya
11:46 Festerrr  : omg
11:46 Festerrr  : maturity hitting hard
11:46 Festerrr  : yr ek CD thi merepe vo toh dedo
11:47 Festerrr  : :(
11:47 Festerrr  : bhaiya toh h he
11:47 Festerrr  : jagah toh mai he le leta
11:47 Festerrr  : vo aapko pta chl jata
11:47 Festerrr  : agar ni dete toh
11:48 Festerrr  : mai kr leta
11:48 Festerrr  : ethics
11:49 Festerrr  : ghar lelo armor dedo
11:49 Festerrr  : ok
11:49 Festerrr  : lets see
11:49 Festerrr  : cd
11:50 Festerrr  : WTN
11:50 Festerrr  : inko msg ni dikh rhe
11:50 Festerrr  : cd
11:50 Festerrr  : song cd
11:50 Festerrr  : hover kro ek ek pe
11:51 Festerrr  : meri wali do
11:51 Festerrr  : theek h extra dedo
11:51 Festerrr  : cd pe naam kaise likhte h
11:51 Festerrr  : ek armor tha netherite ka with design
11:52 Festerrr  : armor
11:52 Festerrr  : elytra
11:53 Festerrr  : VO ELYTRAAAAAAAA
11:53 Festerrr  : DO
11:53 Festerrr  : APKE PAAS AUR HAINA
11:53 Festerrr  : EXTRA
11:54 Festerrr  : :(
11:54 Festerrr  : nhi chiye
11:54 Festerrr  : lao cd dedo
11:54 Festerrr  : cd
11:54 Festerrr  : muh me kyu
11:55 Festerrr  : whi
11:55 Festerrr  : mending thi uspe
11:55 Festerrr  : koi ni mai lga lunga
11:57 Festerrr  : i found my sword
11:59 Festerrr  : hi
11:59 Festerrr  : chl mere ghode
12:00 Festerrr  : g sit
12:00 Festerrr  : damn
12:00 PuneetD   : g sit
12:00 Festerrr  : chl mere ghode
12:00 Festerrr  : bhai merko gira mt dena
12:00 Festerrr  : elytra use krna chutiye
12:01 Festerrr  : yay
12:01 Festerrr  : nhi
12:02 Festerrr  : bade log
12:02 Festerrr  : kya
12:05 Festerrr  : iss village me kya hua bc
12:06 Festerrr  : weee
12:07 Festerrr  : woah why are u lagging
12:07 PuneetD   : yup i know
12:07 PuneetD   : 1 sec
12:07 PuneetD   : 1 bar so ja
12:09 PuneetD   : ab thik hai
12:12 Festerrr  : heal krlo
12:15 Festerrr  : btw guys
12:15 PuneetD   : hmm
12:15 Festerrr  : im officially GOLD now
12:15 Festerrr  : in valorant
12:15 Festerrr  : my peak rank
12:15 PuneetD   : ooooh
12:15 PuneetD   : isi bat pe gold nikal trade karni hai bhaiya ke saath
12:16 Festerrr  : bc idhar armor ni h
12:16 Festerrr  : gareeb se bhikh maang rha h
12:16 PuneetD   : :>
12:24 nasu_chacha: accept kar
12:25 nasu_chacha: puneet tu game me he
12:25 PuneetD    : haa
12:26 PuneetD    : kyu kya hua
12:26 PuneetD    : merepe koi request nahi ayi
12:26 nasu_chacha: kuch nahi
12:26 nasu_chacha: nahi bhej skata tu nether me he
12:26 PuneetD    : ruko abhi bahar ata hun
12:27 PuneetD    : ab karo
12:47 PuneetD    : 7 min me aya
12:55 Festerrr   : complementary unbound vs reimagined
12:56 Festerrr   : ...
13:07 Festerrr   : f
13:07 PuneetD    : wow
13:08 Festerrr   : mc creeper
13:08 Festerrr   : afk bhi ni rehne deta
13:08 PuneetD    : kaha tha tu
13:08 Festerrr   : ghoom rha tha
13:08 PuneetD    : woow nice
13:10 PuneetD    : saman mila wapas
13:10 Festerrr   : ha
13:11 nasu_chacha: vc me aja o na
13:11 Festerrr   : usme he hu mai toh
13:11 nasu_chacha: ye ku nahi he
13:12 Festerrr   : awaz katt rhi
13:12 Festerrr   : abhi sahi h
13:22 Festerrr   : smjh nhi aya
13:22 Festerrr   : nhi
13:23 Festerrr   : KAISE
13:23 Festerrr   : prr aapne toh kaha tha
13:23 Festerrr   : sys32 mekrna
13:23 Festerrr   : toh ye aapne pehle toh ni kaha
13:24 Festerrr   : admin pe kon krta h bydefault
13:24 Festerrr   : ye humko ni btaya gurpreet sir ne
13:24 Festerrr   : no
13:24 Festerrr   : fr
13:25 Festerrr   : aap bahane dere ho yr
13:25 Festerrr   : good gobar
13:25 Festerrr   : proing
13:26 Festerrr   : pro-ing
13:26 Festerrr   : pro
13:26 Festerrr   : + ing
13:26 Festerrr   : fuck
13:26 Festerrr   : + ing
13:26 Festerrr   : =
13:26 Festerrr   : fucking
13:26 Festerrr   : so
13:26 Festerrr   : pro + ing
13:26 Festerrr   : dedo
13:26 Festerrr   : mere kya
13:26 Festerrr   : dedo dedo
13:26 Festerrr   : control mt kro
13:27 Festerrr   : baat dil me mt rkho yr
13:31 Festerrr   : if i have diamond armor can i convert to netherite
13:32 Festerrr   : ha whi
13:32 Festerrr   : toh convert ni hua?
13:32 Festerrr   : means all diamond armor enchantments are preserveed?
13:33 Festerrr   : bro brake this
13:35 Festerrr   : kya
13:36 Festerrr   : dikh rha h
13:36 Festerrr   : sahi h even hogya death count
13:37 Festerrr   : imagine killing someone without armor
13:37 Festerrr   : that too proudly
13:38 Festerrr   : not welcoming new players is like
13:38 Festerrr   : such a non ethical gamer way
13:38 Festerrr   : mera sbse kam h
13:38 Festerrr   : whi
13:38 Festerrr   : 1 week
13:38 Festerrr   : im 5 days
13:38 Festerrr   : yes
13:38 Festerrr   : so it counts
13:38 Festerrr   : it counts
13:39 Festerrr   : doesnt matter
13:39 Festerrr   : haha
13:39 Festerrr   : listening like i create rules
13:39 Festerrr   : verna toh
13:39 Festerrr   : puneet maar deta
13:40 Festerrr   : kya kha rhe ho
18:13 PuneetD   : hi
18:13 Lakshh007 : hieee
