09:09 Lakshh007 : 600 wools done
09:09 Lakshh007 : :)
09:17 PuneetD   : lakshya tere pas kahi meri diamond ki sword hai?
09:17 Lakshh007 : nhi maybe tune khi giray kya?
09:18 PuneetD   : f yaar
14:52 Lakshh007 : hie
14:52 nasu_chacha: hii
14:52 Lakshh007  : kese ho
14:52 nasu_chacha: bdiya
14:52 nasu_chacha: yo
14:52 Lakshh007  : yo
14:53 nasu_chacha: thik leye acess hogya
14:53 Lakshh007  : hogye 40 stacks?
14:53 Lakshh007  : kitna time lga fast h ye enough??
14:53 nasu_chacha: nahi 15 hua par abhi ke leye bhot he
14:54 Lakshh007  : hn
14:55 Lakshh007  : cocoa beans h kisi ke pass?
15:11 Lakshh007  : cocoa beans h ?
15:11 PuneetD    : 1 min dekhke batata hun
15:13 PuneetD    : ha hai seed mere pas.
15:13 PuneetD    : only 4
15:13 Lakshh007  : koi na
15:13 Lakshh007  : enough
15:14 PuneetD    : kaha hai
15:14 Lakshh007  : aaya
15:16 Lakshh007  : hie sir ye itne arrow kyu leke baithe ho
15:16 PuneetD    : kiski baat ho rahi hai?
15:16 nasu_chacha: can you tell me how many time i will die beacuse of totem not wokring
15:16 Lakshh007  : what
15:17 Lakshh007  : me abhi mrke dekhta hu
15:17 nasu_chacha: in total of 7 deads i have 4 time i have died beacuse of this
15:17 Lakshh007  : mine worked
15:17 Lakshh007  : abhi just
15:17 nasu_chacha: gandu hu kya 3 totem shat leke chalta hu jo
15:17 nasu_chacha: are work to mere bhi karte he
15:17 Lakshh007  : fir?
15:18 nasu_chacha: some time while fallign from high they dont work
15:18 Lakshh007  : i will see bout lag
15:23 Lakshh007  : PuneetD KAHA H
15:23 PuneetD    : ghar pe
15:24 Lakshh007  : kaha
15:24 Lakshh007  : thanks sweetie
15:24 PuneetD    : *kiss*
15:24 Lakshh007  : ummaaaah
15:27 Lakshh007  : sleep
15:33 PuneetD    : wthhhhh
15:33 PuneetD    : lakshya....
15:33 Lakshh007  : kya hua?
15:33 PuneetD    : bhaiya just died for no reason
15:33 PuneetD    : again
15:33 Lakshh007  : kese
15:33 PuneetD    : died while standing in front of me
15:34 PuneetD    : thats it
15:44 PuneetD placed suspicious WATER_BUCKET @ nasu vally: x43, z-455
