07:34 nasu_chacha placed suspicious WATER_BUCKET @ nasu vally: x-100, z211
08:44 PuneetD   : 180 / / -139_
16:40 Festerrr  : laksh bade log
16:40 Festerrr  : fr
16:40 Festerrr  : imagine me playing mc
16:41 Lakshh007 : he literally said
16:41 Festerrr  : vo puri kidhar likhatha
16:42 Festerrr  : kitna wool chiye
16:42 Festerrr  : bade log jo bnayenge vo tagda he hoga
16:45 Festerrr  : hlo cutie
16:45 Lakshh007 : hlo bde log
16:45 Lakshh007 : aap aaye bhar aayi
16:45 Festerrr  : khudko hlo bol rhe
16:46 Festerrr  : my axe is not getting used
16:46 Lakshh007 : PuneetD sleeep
16:46 Lakshh007 : ex are not of use tho
16:46 Festerrr  : cant relate
16:47 Lakshh007 : oh yess bde logo ko koi chod ke hi nhi jati so +9999 gf no ex
16:47 Festerrr  : chod ke jaane ke liye aani bhi toh chiye
16:48 Lakshh007 : aapko kya jrura taap toh bde log ho na
16:48 Festerrr  : bade log toh aap ho sir
16:53 Festerrr  : koi gharpe h kya
16:54 Festerrr  : tp
16:57 Festerrr  : damn
16:58 Festerrr  : weeeeeeee
16:58 Festerrr  : uh
16:58 Lakshh007 : ewwwwwww
16:58 Festerrr  : it was hot
16:59 Festerrr  : i had like a little more hot tho
16:59 Festerrr  : firse death count odd krwa dia
17:00 Festerrr  : aur aau kaise
17:01 Festerrr  : dekh lenge
17:01 Festerrr  : mujhe kya waise bhi
17:02 Festerrr  : ho kidhr aap
17:02 Festerrr  : ek baar utar dia
17:02 Festerrr  : ab ni aaunga
17:03 Festerrr  : palki wale bhaiya
17:03 Lakshh007 : chitaaa
17:06 Festerrr  : bhaiya likes being wet
17:07 Lakshh007 : fianlly 2 dogot ping
17:07 Lakshh007 : digit*
17:08 Festerrr  : bade logo ki marzi
17:15 Festerrr  : bade log jaare
17:27 Festerrr  : ghar ke coords kya h
17:27 Lakshh007 : 20 , 100
17:29 Festerrr  : we cant enchant elytra on table?
17:38 Festerrr  : jaldi uth gye
18:20 Festerrr  : mai bhi jara ab
18:20 Festerrr  : bye
18:20 Lakshh007 : CHL GN
