15:11 Self_lakshh: :)
15:11 PuneetD    : :)
15:11 Self_lakshh: q one by one
15:11 PuneetD    : woow
15:11 Self_lakshh: ek ek krke bhi stack ho jaynege
15:12 Self_lakshh: game lag set krra h plu load bhi
15:13 Self_lakshh: /w 
15:13 Self_lakshh: /r 
15:56 Lakshh007 : Priyank_D Welcome to the server!
15:56 Priyank_D : Merci Lakshh007
15:57 nasu_chacha: hi Priyank_D
15:57 Priyank_D  : hi
16:07 Priyank_D  : ****
16:10 Festerrr   : PuneetD
16:11 Festerrr   : hmm
16:11 Festerrr   : maro
16:12 Festerrr   : yup
16:12 Festerrr   : hha
16:12 Festerrr   : 1 baar maarne ke baad bol rhe
16:13 Festerrr   : 3 baar maar chuke ho 3 din me
16:13 Festerrr   : imagine
16:17 Festerrr   : bs baate he krni ati h
16:17 Festerrr   : bina armor ke bande ko 3 baar maar dia
16:17 Festerrr   : fir kehte h ni hatho ko ni marta
16:18 Festerrr   : puneet apni shayad ek meeting baki h 2 dino se
16:18 PuneetD    : arre ha
16:18 PuneetD    : wo kya aftab bhaiya ka submission tha aa. pure din wahi kar raha tha
16:18 Festerrr   : koi ni
16:18 Festerrr   : koi jaldi ni h
16:18 Festerrr   : aram se
16:19 PuneetD    : bata aaj kitne baje kare. aaj time hai
16:19 Festerrr   : abhi kr
16:20 Festerrr   : axe de
16:20 PuneetD    : thik hai
16:20 Festerrr   : axe
16:20 Festerrr   : choke
16:20 Festerrr   : uwu
16:24 Festerrr   : rocket de
16:26 Festerrr   : haha
16:26 Festerrr   : masala kam tha
16:26 Festerrr   : uske lie bahar ana pdta h
16:26 Festerrr   : specially bhaiya
16:27 Festerrr   : tp
16:27 Festerrr   : write slash accept
16:27 Festerrr   : so bhaiya can escape from my prison
16:28 Festerrr   : f
16:28 PuneetD    : lakshh tu kaha hai kya kar raha hai
16:33 Festerrr   : ye kaha gya
16:39 Festerrr   : firse ni hatthe ko maroge
16:39 Festerrr   : yhi kr skte ho
16:39 Festerrr   : kbhi hume toh ni sikhaya aapne ayese
16:39 Festerrr   : iirc
16:49 Festerrr   : ye townhall me kya krte apan
16:51 Festerrr   : raat din ek kr dia
16:52 Festerrr   : kya KYA KYA
16:52 Festerrr   : KYAAAAAAAA
16:52 Festerrr   : ata hu ruko
16:52 Festerrr   : bakchodi ki baat ni h
16:52 Festerrr   : mai udhar khda tha
16:52 Festerrr   : jo bolte h idhar se ja nhi toh maar dunga
16:52 Festerrr   : mai seekhne gya tha udhar minecraft
16:53 Festerrr   : mujhe hit kr ekbar
16:53 Festerrr   : waps
16:53 Festerrr   : k
16:55 Festerrr   : hahahahha
16:56 Festerrr   : elytra kam h ya rockets
16:56 Festerrr   : wahi jis se bhaiya darte h
16:56 Festerrr   : hahahaha
16:57 Festerrr   : minecraft pro andar aao
16:57 Festerrr   : ni hatho ko ni marta
16:57 Festerrr   : eggsexual
16:58 Festerrr   : foxy kaha h
16:58 Festerrr   : isi wjah se bakchodi hori aaj
16:58 Festerrr   : inki iss baat ki wajah se
16:59 Festerrr   : "idhar kyu khda h"
16:59 Festerrr   : ja nhi toh marunga
16:59 Festerrr   : huh
16:59 Festerrr   : le maar
16:59 Festerrr   : lo ab maro
16:59 Festerrr   : paas he khda hu
16:59 Festerrr   : netherite phn ke iron se dar rhe
16:59 Festerrr   : iron gatte
17:00 Festerrr   : me without even iron armor
17:00 Festerrr   : toh aao
17:00 Festerrr   : taange phelo
17:01 Festerrr   : lo
17:01 Festerrr   : aapki cd aapke he kaam aayegi
17:01 Festerrr   : bahar khade thak gye honge
17:01 Festerrr   : gaane suno
17:02 Festerrr   : subhe krni h kya
17:02 Festerrr   : sou kya
17:02 Festerrr   : inse thodi darta hu
17:02 Festerrr   : so jaunga
17:13 Festerrr   : hein abhi tk khade ho
17:14 Festerrr   : merko uchalna hota toh fight kr leta
17:14 Festerrr   : mera saman meri body h bs
17:14 Festerrr   : bina armor ke ladd skta hu
17:14 Festerrr   : prr chordo
17:15 Festerrr   : bade log joined
17:15 Festerrr   : fr
17:15 Festerrr   : chote log kya he kr skte
17:15 Festerrr   : mai toh apna kaam kr rha tha
17:15 Festerrr   : vc me bola isliye aya
17:16 Festerrr   : theek h enjoy
17:16 Festerrr   : mai chla kaam krne
17:16 Festerrr   : guard
17:16 Lakshh007  : Hi bde log texted
17:16 Festerrr   : omg ultra bade log even considered reading my msg
17:16 Lakshh007  : u are bde log
17:16 Festerrr   : no u
17:17 Festerrr   : utsav sir ki
17:17 Festerrr   : what
17:17 Festerrr   : uu
17:18 Lakshh007  : sleep
17:20 Lakshh007  : sleep
17:33 Lakshh007  : sleep if u can
17:34 Festerrr   : k
17:49 Lakshh007  : bones hai?
18:19 Lakshh007  : Hello
18:19 Lakshh007  : sb so rhe h so me no mic
18:21 Lakshh007  : yes
18:21 Lakshh007  : 6 stacks
18:21 Lakshh007  : kitna?
18:21 Lakshh007  : afk rhna pdega meko around 2hrs
18:21 Lakshh007  : kl dedunga
18:21 Lakshh007  : toh lelo freee me
18:22 Lakshh007  : i need a bit strings bs
18:22 Lakshh007  : 2 stacks
18:22 Lakshh007  : i need like for dispensers
18:22 Lakshh007  : me waha kill krlunga
18:22 Lakshh007  : yes bow
18:22 Lakshh007  : 2 stack
18:23 Lakshh007  : 1 stack dedo
18:27 Lakshh007  : hn
18:27 Lakshh007  : nhi me sheep farm pe hu
18:27 Lakshh007  : -900 -1800
18:28 Lakshh007  : thanks
18:28 Lakshh007  : aa rha hu ya me lejata hu
18:30 Lakshh007  : lelo jitna chihye meko bhi build items chihye lelunga
18:30 Lakshh007  : jese redstone aur dher sara cobblestone
18:31 Lakshh007  : upr platform hai
