13:20 Lakshh007 : Hey!
13:20 PuneetD   : hi
13:21 PuneetD   : kaha tha pure din aya nahi minecraft me
13:21 Lakshh007 : tu kaha h?
13:21 Lakshh007 : 3 calls wts pe text b ignore?
13:21 PuneetD   : mai to bhai 12 baje jaaga fir aftab bhaiya ki help ki 3 baje tak
13:21 Lakshh007 : waah
13:22 PuneetD   : fir 5 baje tak kaam kiye aur uske baad se minecraft khel raha hun
13:22 Lakshh007 : anyways dude i fell in love in kota bhai kya view h ghr ka niche pool wo bhi 11th floor se city view
13:22 Lakshh007 : 5:20 toh me kota pahucha
13:22 PuneetD   : 11th floor *skull*
13:22 PuneetD   : i wonder why buildings are high in kota
13:22 Lakshh007 : mama ne bhai ko fastrack gift ki 4500 ki 10th boarts result ke liye
13:23 Lakshh007 : easy to jump if stressed :)
13:23 PuneetD   : what is fasttrack
13:23 Lakshh007 : fastrack brand hai
13:23 Lakshh007 : wts dekh
13:23 PuneetD   : wts?
13:23 Lakshh007 : whastapp
13:24 PuneetD   : ok
13:24 PuneetD   : ooh tera call bhi aya hua hai. dusre room me tha phone
13:24 PuneetD   : hehehe :)
13:26 Lakshh007 : mst na :)
13:32 Lakshh007 : mama the
14:04 Lakshh007 : Heya qt
14:04 PuneetD   : : ))
14:04 PuneetD   : desert se wapas aa gya
14:04 PuneetD   : ?
14:04 Lakshh007 : hn mw glicthc kr gya
14:06 Lakshh007 : tu kidhr h
14:06 PuneetD   : ghar ke waas
14:06 Lakshh007 : cool
14:09 PuneetD   : kaha chala gaya tha
14:10 Lakshh007 : flying is disabled :)
14:10 PuneetD   : kyu
14:10 PuneetD   : nahi hui
14:10 PuneetD   : mai to ud paa raha
14:10 Lakshh007 : arey network error agr hawa me stuck ho jate ho toh server fenk deta h
14:12 Lakshh007 : fuck the net
14:12 PuneetD   : :)
14:15 Lakshh007 : kya plans h tere?
14:15 PuneetD   : chale desert
14:15 Lakshh007 : deert se kya chihye aapko?
14:15 Lakshh007 : sand ka jugaad hai aur cactus farm apn raat ko bna hi rhe h
14:15 PuneetD   : badhiya
14:15 Lakshh007 : and ye farm tu bnayega
14:15 Lakshh007 : i will buy cactus from you
14:16 PuneetD   : ooookkkkkkkk
14:16 Lakshh007 : so ek kaam kr i am sending a video collect stuff
14:16 Lakshh007 : kyuki me toh sb bna lunga fir kya fayda
14:18 PuneetD   : ooooh
14:19 Lakshh007 : nice?
14:19 PuneetD   : badhiya idea hai
14:20 Lakshh007 : bc net
14:24 Lakshh007 : PuneetD video diya hao
14:24 PuneetD   : watsup pe?
14:25 Lakshh007 : yp
14:25 PuneetD   : 1 sec dekhta hun
14:26 PuneetD   : bhai tera net
14:26 Lakshh007 : :)
14:43 Lakshh007 : PuneetD DESERT AYEGA?
14:44 PuneetD   : hhaaaa
14:44 Lakshh007 : bs 5 min de
14:51 Lakshh007 : in desert
14:53 PuneetD   : tp kar dun
14:53 Lakshh007 : yep
14:53 Lakshh007 : sleep
14:53 PuneetD   : 1 sec
14:55 PuneetD   : bhai tera net
14:55 PuneetD   : tu hava me udd raha hai
14:55 Lakshh007 : :)
14:57 Lakshh007 : now better
14:57 PuneetD   : better than me
14:58 PuneetD   : aisa kya kia
14:58 Lakshh007 : personal buy krlia aur
14:58 PuneetD   : waah
14:58 Lakshh007 : main desert me aaja
14:58 PuneetD   : kaha hai tu
14:58 Lakshh007 : -3152 -3057
14:58 Lakshh007 : accept k
14:59 Lakshh007 : mera kaam ho gya shulker nikal
15:00 Lakshh007 : 1 shulker hi chihye
15:00 PuneetD   : acha
15:00 Lakshh007 : bhot h utni sand
15:01 Lakshh007 : me khana khakr aaya ap items collect kro apne farm ke liye
15:01 Lakshh007 : even aap bhi jao
15:01 PuneetD   : hmm
15:01 Lakshh007 : -3190 -3096
15:01 PuneetD   : ye kya hai
15:01 Lakshh007 : tu mr gya toh shulker jaynge
15:02 Lakshh007 : yhi ke cords h
15:02 Lakshh007 : me chla
15:02 PuneetD   : hmm
15:56 Lakshh007 : tere items are with me
15:57 PuneetD   : tu abhi kaha hai?
15:57 Lakshh007 : farm side waha au?
15:59 Lakshh007 : kidhe
16:02 PuneetD   : ab kya kar raha hai
16:02 Lakshh007 : completing sheep farm fir next kaam
16:02 PuneetD   : farm pohoch gaya kya
16:02 Lakshh007 : yep
16:03 PuneetD   : desert me koi aur kaam
16:03 Lakshh007 : naah
16:03 PuneetD   : waah
16:03 Lakshh007 : :)
16:11 PuneetD   : kidhar ho bhaiya
16:14 Lakshh007 : done
16:14 nasu_chacha: bhot dur hu abhi to
16:14 PuneetD    : nice
16:14 nasu_chacha: 10000 5000
16:15 PuneetD    : waah
16:20 nasu_chacha placed suspicious WATER_BUCKET @ nasu vally: x-11748, z5284
16:24 Lakshh007  : SLEEP
16:24 PuneetD    : 1 sec
16:35 PuneetD    : lakshya tere pas koi shulker hai jisme wool hai
16:37 PuneetD    : ummm tere pas meraa koi shulker hai wool se bhara
16:37 Lakshh007  : nhi
16:37 Lakshh007  : lemme see
16:38 Lakshh007  : DEKHLENA TU HUA HO TOH YHI HAI
16:38 PuneetD    : f bhai pura shulkar bharke wool thi aur ender chest me rakhi thi. or ab wo shulker hi ender chest me nahi mil raha
16:39 PuneetD    : :...(
16:44 Lakshh007  : TPA KR PuneetD
16:45 PuneetD    : trade?
16:45 Lakshh007  : :)
16:45 nasu_chacha: yes
16:45 Lakshh007  : idhr aa
16:45 Lakshh007  : le
16:46 PuneetD    : bhai trade bata... aise nahi lunga
16:46 Lakshh007  : tera hi h
16:47 PuneetD    : na bhai mere shulker mai 2 stk gunpowder bhi tha
16:47 Lakshh007  : lele aur meko cactus dena hehe
16:54 Lakshh007  : iska me kya kru?
16:54 Lakshh007  : farm bna
16:54 PuneetD    : hame farm banana hai na
16:55 Lakshh007  : aap bnao me nhi krunga help ill guide ab khel liya tune basic farm h yar ye bna chl
16:55 PuneetD    : ok
16:55 Lakshh007  : bhai sun game hai utna hi lo
16:56 Lakshh007  : saman wool h diamonds nhi jo barter krra
16:56 nasu_chacha: rat sona mat
16:56 nasu_chacha: please
16:56 Lakshh007  : kay sir
16:56 nasu_chacha: sona nahi
16:56 PuneetD    : please nahi bolte to bhi kaam chal jata
17:11 nasu_chacha: Lakshh007 he kya
17:19 Lakshh007  : hn
17:19 nasu_chacha: thk
17:19 nasu_chacha: thks
17:19 Lakshh007  : aur btaiye
17:19 Lakshh007  : arey koi na
