04:43 Lakshh007  : Hie
04:43 PuneetD    : hi
04:43 PuneetD    : i didn't knew tu bhi server me tha
04:43 PuneetD    : tabhi wo server 1 sec me on ho gaya
04:44 Lakshh007  : :)
04:44 Lakshh007  : kbse hu
04:44 Lakshh007  : completed my farm dekh le abh
04:44 PuneetD    : kabse hai?
04:44 Lakshh007  : 7:30
04:45 PuneetD    : bhaiiiii
04:45 Lakshh007  : :)
04:45 Lakshh007  : bhar aa
04:45 PuneetD    : ye multicolor roof badhiya lag rahi hai
04:53 Lakshh007  : kya krne ka plan hai?
04:54 PuneetD    : thodi si wool le raha hu taki netherite la saku.
04:54 PuneetD    : fir trial chamber jaunga
05:06 Lakshh007  : wool ka shulker lele
05:06 PuneetD    : arre relax wapas collect ho gayegi
05:07 Lakshh007  : le na bsdk
05:14 Lakshh007  : lets fuck my house and update it now :)
05:14 PuneetD    : fuck my horse
05:15 PuneetD    : broo
05:15 Lakshh007  : house
05:15 Lakshh007  : :)
05:15 PuneetD    : kyu bhai house me kya dikkat hai
05:15 PuneetD    : sahi to hai
05:15 Lakshh007  : sotrage sytem fucked up hai so usko update krenge fir upr saman sorter lagayege ya fir dekhle hai
05:46 Lakshh007  : damn
05:46 PuneetD    : what is this
05:47 PuneetD    : ooh wow
05:56 PuneetD    : acha waise netherite ka level 14 hota hai ya 16
05:56 Lakshh007  : 14-18
05:56 PuneetD    : ok
05:57 Lakshh007  : storage room tabah krna pd rha h
05:57 PuneetD    : storage room kyu tu to ghar ki bol raha tha
05:57 Lakshh007  : phle saman ka dekhna pdega na
05:58 PuneetD    : mtlb aaj ka din to tu yahi karega
05:58 Lakshh007  : naah 1 hr
06:10 Lakshh007  : miledebris?
06:10 PuneetD    : what is this
06:10 Lakshh007  : debris?
06:10 PuneetD    : acha
06:10 Lakshh007  : mile debris
06:10 PuneetD    : abhi to tunnel hi dig kar raha hun
06:11 PuneetD    : utne me hi 2 debri mil gayi
06:11 PuneetD    : bed fodna baki hai
06:11 Lakshh007  : nice
06:15 PuneetD    : mai chalta hun khana khane
06:15 Lakshh007  : bye
06:38 Lakshh007  : welcome back
06:38 PuneetD    : hey I am back
06:39 Lakshh007  : 80% done redesigning storage
06:39 PuneetD    : waah itna jaldi
06:39 Lakshh007  : aajana jb free ho
06:40 Lakshh007  : me khana kha ke aaya ab
06:40 PuneetD    : okk
07:27 PuneetD    : hi
07:27 Lakshh007  : hi
07:27 Lakshh007  : i am back
07:28 PuneetD    : 4 ingot to ban gaye
07:28 Lakshh007  : nice
07:30 Lakshh007  : ab kitne collect krne hai
07:30 PuneetD    : ab to bas sari wool jo leke gaya tha wo khatam hogi tab aa jaunga
07:30 Lakshh007  : nice
07:42 Lakshh007  : Done with storage design abh saman sort krna hai
07:42 PuneetD    : most difficult part of this game
07:42 Lakshh007  : kinda
08:02 PuneetD    : ae baigan
08:03 Self_lakshh: trust to city stuf
08:03 PuneetD    : acha
08:03 Self_lakshh: ab city complete kre
08:03 Self_lakshh: kyuki main farms sb fix krdiye
08:03 PuneetD    : badhiya
08:03 Self_lakshh: koi problem ho toh btado
08:04 Self_lakshh: 5 min hi hu fir ye bnd krunga
08:04 PuneetD    : nahi gold farm bhi fix ho gaya
08:04 Self_lakshh: nhi usme kaam h thoda toh hn shi baat h
08:04 Self_lakshh: me check krlunga rate
08:15 PuneetD    : :)
08:15 Self_lakshh: :) explore and earn XD
08:15 Self_lakshh: chlo fix krte hai gold farm
08:41 PuneetD    : kya hua net chala gaya tha kya?
08:41 Self_lakshh: nhi laptop fucked up
08:42 PuneetD    : kya hua
08:42 Self_lakshh: hang ho rha drivers ki wjh se
08:42 PuneetD    : ab thik hai
08:42 PuneetD    : ?
08:42 Self_lakshh: kh skte hai
08:42 PuneetD    : okkkk
09:41 PuneetD    : meooowww
09:41 Self_lakshh: meowww
10:02 Self_lakshh: fixed
10:03 PuneetD    : gold farm?
10:03 Self_lakshh: yep
10:03 PuneetD    : kya prob thi
10:03 Self_lakshh: auto smelter set jb bhi lge km hai just fly over it
10:03 Self_lakshh: surface issue lovwer ki jgh upper slabs the
10:03 PuneetD    : ok
11:42 PuneetD    : heya
11:42 Lakshh007  : hieee
11:42 PuneetD    : mending ki books chahiye 5. tradee karega
11:42 Lakshh007  : sure
11:43 PuneetD    : kya chahiye badle me
11:43 Lakshh007  : bs ems hai?
11:43 PuneetD    : kitne blocks?
11:44 Lakshh007  : PuneetD 2 each!
11:44 PuneetD    : bas 2 blocks 1 mending ke liye
11:45 Lakshh007  : hn i get for 8
11:45 PuneetD    : sath me free wali dhania melegi
11:45 Lakshh007  : muh me lelena coriander flavour
11:46 PuneetD    : mat bolna tera coriander flavor ka hai
11:46 PuneetD    : acha waise kaha hai
11:48 PuneetD    : lakshh abhi kaha hai tu
11:48 Lakshh007  : ghr side
11:49 Lakshh007  : piche se lelo
11:50 Lakshh007  : 5x = 10 blocks
13:15 PuneetD    : 64 / / 736
13:37 PuneetD    : -528 / /-464
14:12 nasu_chacha: chup usak mat bol me game me hu
14:28 nasu_chacha placed suspicious WATER_BUCKET @ nasu vally: x91, z-512
14:29 nasu_chacha placed suspicious WATER_BUCKET @ nasu vally: x91, z-511
15:10 nasu_chacha: sona mat
15:10 Lakshh007  : ok
15:11 nasu_chacha: bhai
15:11 Lakshh007  : hnji
15:12 nasu_chacha: sona mat bola tha
15:12 Lakshh007  : arey sorry ekdum se bhul gya
15:12 Lakshh007  : so sorry
15:12 Lakshh007  : wo mr rha tha khali jgha so so gya
15:12 nasu_chacha: acha thikk he
15:12 Lakshh007  : hie
15:13 Lakshh007  : resin :)
15:25 nasu_chacha placed suspicious WATER_BUCKET @ nasu vally: x-163, z180
15:27 nasu_chacha placed suspicious WATER_BUCKET @ nasu vally: x-12, z95
16:59 Lakshh007  : Hey
17:00 PuneetD    : hi
17:00 Lakshh007  : ssup?
17:01 PuneetD    : nothing just dealing with bunch of creatures
17:04 Lakshh007  : cool
17:14 Lakshh007  : now all itmes have space time to sort 17 shulker boxes
17:15 PuneetD    : what the hell is space time
17:15 Lakshh007  : space.
17:15 Lakshh007  : time to sort chest now
17:15 PuneetD    : okkk
17:15 PuneetD    : that was a new term
17:23 Lakshh007  : hn
17:23 PuneetD    : hmm
18:07 Lakshh007  : wassup?
18:08 PuneetD    : kuch nahi bas trial chamber ghum ke aya hun
18:08 Lakshh007  : oh nice
18:08 Lakshh007  : shi lg rha h?
18:08 PuneetD    : yup
18:08 Lakshh007  : sorted hai plus updated
18:09 PuneetD    : badhiya
18:09 Lakshh007  : dude saman bhot h aaj pta chla
18:09 Lakshh007  : abhi toh farm se lana h
18:10 PuneetD    : waah
18:15 PuneetD    : chal thik hai mai chalta hun
18:16 Lakshh007  : ok hope you have better day
18:16 PuneetD    : you too
18:16 Lakshh007  : good night
