05:14 Lakshh007 : Hey!
05:14 nasu_chacha: hi
05:14 Lakshh007  : kese ho?
05:14 nasu_chacha: bdita
05:14 nasu_chacha: bdiya
05:14 Lakshh007  : nice
05:16 Lakshh007  : vc nhi ho?
07:28 nasu_chacha:  placed a sign @ nasu vally: x-118, z37
  Sys Details
  Down = Off
  Up = On
08:20 Festerrr   : virginity maang le
08:35 PuneetD    : 255 / / -695
08:51 PuneetD    : festerr ....
11:34 PuneetD    : thik hai
11:34 PuneetD    : kaha
11:35 PuneetD    : 1 min
11:37 PuneetD    : 2 shulker dirt to le aya
12:12 PuneetD    : ha
14:35 PuneetD    : -1511 / / -969
15:43 PuneetD    : 64 // 736
17:02 nasu_chacha: hii
17:16 nasu_chacha placed suspicious WATER_BUCKET @ nasu vally: x153, z-463
17:37 nasu_chacha placed suspicious WATER_BUCKET @ nasu vally: x77, z-583
18:01 nasu_chacha placed suspicious WATER_BUCKET @ nasu vally: x61, z-554
18:02 nasu_chacha placed suspicious WATER_BUCKET @ nasu vally: x69, z-558
